#
# A fatal error has been detected by the Java Runtime Environment:
#
#  EXCEPTION_ACCESS_VIOLATION (0xc0000005) at pc=0x0000015938e0242b, pid=6120, tid=9564
#
# JRE version: Java(TM) SE Runtime Environment (16.0.1+9) (build 16.0.1+9-24)
# Java VM: Java HotSpot(TM) 64-Bit Server VM (16.0.1+9-24, mixed mode, sharing, tiered, compressed oops, compressed class ptrs, g1 gc, windows-amd64)
# Problematic frame:
# v  ~BufferBlob::vtable chunks
#
# No core dump will be written. Minidumps are not enabled by default on client versions of Windows
#
# If you would like to submit a bug report, please visit:
#   https://bugreport.java.com/bugreport/crash.jsp
#

---------------  S U M M A R Y ------------

Command Line: -XX:TieredStopAtLevel=1 -Xverify:none -Dspring.output.ansi.enabled=always -javaagent:C:\Program Files\JetBrains\IntelliJ IDEA 2021.1.2\lib\idea_rt.jar=56236:C:\Program Files\JetBrains\IntelliJ IDEA 2021.1.2\bin -Dcom.sun.management.jmxremote -Dspring.jmx.enabled=true -Dspring.liveBeansView.mbeanDomain -Dspring.application.admin.enabled=true -Dfile.encoding=UTF-8 com.example.music.MusicApplication

Host: Intel(R) Core(TM) i5-8250U CPU @ 1.60GHz, 8 cores, 7G,  Windows 10 , 64 bit Build 19041 (10.0.19041.1151)
Time: Sat Oct 23 10:10:05 2021  Windows 10 , 64 bit Build 19041 (10.0.19041.1151) elapsed time: 37709.054098 seconds (0d 10h 28m 29s)

---------------  T H R E A D  ---------------

Current thread (0x00000159548508e0):  JavaThread "File Watcher" daemon [_thread_in_Java, id=9564, stack(0x0000002790f00000,0x0000002791000000)]

Stack: [0x0000002790f00000,0x0000002791000000],  sp=0x0000002790fff1f8,  free space=1020k
Native frames: (J=compiled Java code, j=interpreted, Vv=VM code, C=native code)
C  0x0000015938e0242b


siginfo: EXCEPTION_ACCESS_VIOLATION (0xc0000005), reading address 0x000000e2ff410038


Register to memory mapping:

RIP=0x0000015938e0242b is at entry_point+27 in a vtable stub
vtable stub (index = 3, receiver_location = 4, code = [0x0000015938e02410, 0x0000015938e0242f])
RAX=0x0000000800000008 is pointing into metadata
RBX=0x000000e2ff410000 is an unknown value
RCX=0x0000000000000073 is an unknown value
RDX=0x00000000867f7514 is pointing into object: org.springframework.boot.devtools.filewatch.FileSnapshot 
{0x00000000867f7510} - klass: 'org/springframework/boot/devtools/filewatch/FileSnapshot'
RSP=0x0000002790fff1f8 is pointing into the stack for thread: 0x00000159548508e0
RBP=0x0000002790fff610 is pointing into the stack for thread: 0x00000159548508e0
RSI=0x0000000084b030b8 is an oop: [Ljava.util.HashMap$Node; 
{0x0000000084b030b8} - klass: 'java/util/HashMap$Node'[]
 - length: 64
RDI=0x0 is NULL
R8 =0x00000000867f7514 is pointing into object: org.springframework.boot.devtools.filewatch.FileSnapshot 
{0x00000000867f7510} - klass: 'org/springframework/boot/devtools/filewatch/FileSnapshot'
R9 =0x0000000000000073 is an unknown value
R10=0x0000000800000000 is pointing into metadata
R11=0x0000000000000218 is an unknown value
R12=0x0 is NULL
R13=0x0 is NULL
R14=0x0000002790fff530 is pointing into the stack for thread: 0x00000159548508e0
R15=0x00000159548508e0 is a thread


Registers:
RAX=0x0000000800000008, RBX=0x000000e2ff410000, RCX=0x0000000000000073, RDX=0x00000000867f7514
RSP=0x0000002790fff1f8, RBP=0x0000002790fff610, RSI=0x0000000084b030b8, RDI=0x0000000000000000
R8 =0x00000000867f7514, R9 =0x0000000000000073, R10=0x0000000800000000, R11=0x0000000000000218
R12=0x0000000000000000, R13=0x0000000000000000, R14=0x0000002790fff530, R15=0x00000159548508e0
RIP=0x0000015938e0242b, EFLAGS=0x0000000000010202

Top of Stack: (sp=0x0000002790fff1f8)
0x0000002790fff1f8:   000001593945c404 0000002790fff610
0x0000002790fff208:   000001593947b204 0000000000000003
0x0000002790fff218:   0000000000000000 00000000867f1e68
0x0000002790fff228:   00000000867f1a50 00000159548fd600
0x0000002790fff238:   00007ffea14d476e 0000002790fff610
0x0000002790fff248:   73ba06220000003f 0000000084b030b8
0x0000002790fff258:   00000000867f7514 0000000084b20150
0x0000002790fff268:   0000000084b218e8 0000001f00000020
0x0000002790fff278:   0000000081c9e310 0000002790fff610
0x0000002790fff288:   0000015939463354 0000000010000000
0x0000002790fff298:   00007fff0ae75ba1 0000002790fff610
0x0000002790fff2a8:   0000015939713f04 0000002790fff610
0x0000002790fff2b8:   000001593947b1be 0000002790fff610
0x0000002790fff2c8:   0000015939707784 0000002790fff610
0x0000002790fff2d8:   000001593947b204 0000000000000000
0x0000002790fff2e8:   0000015954df2090 00000000867fa740 

Instructions: (pc=0x0000015938e0242b)
0x0000015938e0232b:   00 00 00 00 00 00 00 00 00 00 00 00 00 00 00 00
0x0000015938e0233b:   00 00 00 00 00 00 00 00 00 00 00 00 00 00 00 00
0x0000015938e0234b:   00 00 00 00 00 00 00 00 00 00 00 00 00 00 00 00
0x0000015938e0235b:   00 00 00 00 00 00 00 00 00 00 00 00 00 00 00 00
0x0000015938e0236b:   00 00 00 00 00 00 00 00 00 00 00 00 00 00 00 00
0x0000015938e0237b:   00 00 00 00 00 16 00 00 00 00 00 00 00 01 00 00
0x0000015938e0238b:   00 00 00 00 00 58 8c 99 a1 fe 7f 00 00 00 00 00
0x0000015938e0239b:   00 78 0a 00 00 68 00 00 00 ff ff ff ff 78 0a 00
0x0000015938e023ab:   00 00 00 00 00 00 24 e0 38 59 01 00 00 08 2e e0
0x0000015938e023bb:   38 59 01 00 00 00 24 e0 38 59 01 00 00 08 2e e0
0x0000015938e023cb:   38 59 01 00 00 f8 23 e0 38 59 01 00 00 f8 23 e0
0x0000015938e023db:   38 59 01 00 00 00 00 00 00 00 00 00 00 00 00 00
0x0000015938e023eb:   00 00 00 00 00 90 3c 9e a1 fe 7f 00 00 00 00 00
0x0000015938e023fb:   00 00 00 00 00 00 00 00 00 00 00 00 00 03 00 1b
0x0000015938e0240b:   00 00 00 01 00 8b 42 08 48 c1 e0 03 49 ba 00 00
0x0000015938e0241b:   00 00 08 00 00 00 49 03 c2 48 8b 98 e0 01 00 00
0x0000015938e0242b:   ff 63 38 00 00 00 00 00 00 00 00 00 00 00 00 00
0x0000015938e0243b:   00 00 00 00 00 00 00 00 00 00 00 00 00 00 00 00
0x0000015938e0244b:   00 00 00 00 00 00 00 00 00 00 00 00 00 01 00 1b
0x0000015938e0245b:   00 00 00 01 00 8b 42 08 48 c1 e0 03 49 ba 00 00
0x0000015938e0246b:   00 00 08 00 00 00 49 03 c2 48 8b 98 d0 01 00 00
0x0000015938e0247b:   ff 63 38 00 00 00 00 00 00 00 00 00 00 03 00 8f
0x0000015938e0248b:   00 07 00 00 00 48 8b 58 08 48 8b 00 44 8b 52 08
0x0000015938e0249b:   49 c1 e2 03 49 bb 00 00 00 00 08 00 00 00 4d 03
0x0000015938e024ab:   d3 45 8b 5a 10 4f 8d 9c da c8 01 00 00 4d 8b 13
0x0000015938e024bb:   49 3b da 74 15 4d 85 d2 0f 84 59 00 00 00 49 83
0x0000015938e024cb:   c3 10 4d 8b 13 49 3b da 75 eb 44 8b 52 08 49 c1
0x0000015938e024db:   e2 03 49 bb 00 00 00 00 08 00 00 00 4d 03 d3 45
0x0000015938e024eb:   8b 5a 10 4f 8d 9c da c8 01 00 00 4d 8d 52 18 49
0x0000015938e024fb:   8b 1b 48 3b c3 74 15 48 85 db 0f 84 17 00 00 00
0x0000015938e0250b:   49 83 c3 10 49 8b 1b 48 3b c3 75 eb 45 8b 5b 08
0x0000015938e0251b:   4b 8b 1c 1a ff 63 38 e9 59 9f f4 ff 00 00 00 00 


Stack slot to memory mapping:
stack at sp + 0 slots: 0x000001593945c404 is at entry_point+132 in (nmethod*)0x000001593945c190
stack at sp + 1 slots: 0x0000002790fff610 is pointing into the stack for thread: 0x00000159548508e0
stack at sp + 2 slots: 0x000001593947b204 is at entry_point+580 in (nmethod*)0x000001593947ad90
stack at sp + 3 slots: 0x0000000000000003 is an unknown value
stack at sp + 4 slots: 0x0 is NULL
stack at sp + 5 slots: 0x00000000867f1e68 is an oop: java.io.File 
{0x00000000867f1e68} - klass: 'java/io/File'
stack at sp + 6 slots: 0x00000000867f1a50 is an oop: java.util.LinkedHashMap 
{0x00000000867f1a50} - klass: 'java/util/LinkedHashMap'
stack at sp + 7 slots: 0x00000159548fd600 points into unknown readable memory: 0x005c003f003f005c | 5c 00 3f 00 3f 00 5c 00

--------------------------------------------------------------------------------
Decoding CodeBlob, name: vtable chunks, at  [0x0000015938e02400, 0x0000015938e02e08]  2568 bytes
[MachCode]
  0x0000015938e02400: 0000 0000 | 0000 0000 | 0300 1b00 | 0000 0100 | 8b42 0848 | c1e0 0349 | ba00 0000 | 0008 0000 
  0x0000015938e02420: 0049 03c2 | 488b 98e0 | 0100 00ff | 6338 0000 | 0000 0000 | 0000 0000 | 0000 0000 | 0000 0000 
  0x0000015938e02440: 0000 0000 | 0000 0000 | 0000 0000 | 0000 0000 | 0000 0000 | 0000 0000 | 0100 1b00 | 0000 0100 
  0x0000015938e02460: 8b42 0848 | c1e0 0349 | ba00 0000 | 0008 0000 | 0049 03c2 | 488b 98d0 | 0100 00ff | 6338 0000 
  0x0000015938e02480: 0000 0000 | 0000 0000 | 0300 8f00 | 0700 0000 | 488b 5808 | 488b 0044 | 8b52 0849 | c1e2 0349 
  0x0000015938e024a0: bb00 0000 | 0008 0000 | 004d 03d3 | 458b 5a10 | 4f8d 9cda | c801 0000 | 4d8b 1349 | 3bda 7415 
  0x0000015938e024c0: 4d85 d20f | 8459 0000 | 0049 83c3 | 104d 8b13 | 493b da75 | eb44 8b52 | 0849 c1e2 | 0349 bb00 
  0x0000015938e024e0: 0000 0008 | 0000 004d | 03d3 458b | 5a10 4f8d | 9cda c801 | 0000 4d8d | 5218 498b | 1b48 3bc3 
  0x0000015938e02500: 7415 4885 | db0f 8417 | 0000 0049 | 83c3 1049 | 8b1b 483b | c375 eb45 | 8b5b 084b | 8b1c 1aff 
  0x0000015938e02520: 6338 e959 | 9ff4 ff00 | 0000 0000 | 0000 0000 | 0000 0000 | 0000 0000 | 0000 0000 | 0000 0000 
  0x0000015938e02540: 0000 0000 | 0000 0000 | 0000 0000 | 0000 0000 | 0000 0000 | 0000 0000 | 0000 0000 | 0000 0000 
  0x0000015938e02560: 0000 0000 | 0000 0000 | 0000 0000 | 0000 0000 | 0000 0000 | 0000 0000 | 0000 0000 | 0000 0000 
  0x0000015938e02580: 0000 0000 | 0000 0000 | 0000 0000 | 0000 0000 | 0000 0000 | 0000 0000 | 1c00 1b00 | 0000 0100 
  0x0000015938e025a0: 8b42 0848 | c1e0 0349 | ba00 0000 | 0008 0000 | 0049 03c2 | 488b 98a8 | 0200 00ff | 6338 0000 
  0x0000015938e025c0: 0000 0000 | 0000 0000 | 1e00 1b00 | 0000 0100 | 8b42 0848 | c1e0 0349 | ba00 0000 | 0008 0000 
  0x0000015938e025e0: 0049 03c2 | 488b 98b8 | 0200 00ff | 6338 0000 | 0000 0000 | 0000 0000 | 0600 1b00 | 0000 0100 
  0x0000015938e02600: 8b42 0848 | c1e0 0349 | ba00 0000 | 0008 0000 | 0049 03c2 | 488b 98f8 | 0100 00ff | 6338 0000 
  0x0000015938e02620: 0000 0000 | 0000 0000 | 1d00 1b00 | 0000 0100 | 8b42 0848 | c1e0 0349 | ba00 0000 | 0008 0000 
  0x0000015938e02640: 0049 03c2 | 488b 98b0 | 0200 00ff | 6338 0000 | 0000 0000 | 0000 0000 | 0000 8e00 | 0700 0000 
  0x0000015938e02660: 488b 5808 | 488b 0044 | 8b52 0849 | c1e2 0349 | bb00 0000 | 0008 0000 | 004d 03d3 | 458b 5a10 
  0x0000015938e02680: 4f8d 9cda | c801 0000 | 4d8b 1349 | 3bda 7415 | 4d85 d20f | 8458 0000 | 0049 83c3 | 104d 8b13 
  0x0000015938e026a0: 493b da75 | eb44 8b52 | 0849 c1e2 | 0349 bb00 | 0000 0008 | 0000 004d | 03d3 458b | 5a10 4f8d 
  0x0000015938e026c0: 9cda c801 | 0000 4d8d | 1249 8b1b | 483b c374 | 1548 85db | 0f84 1700 | 0000 4983 | c310 498b 
  0x0000015938e026e0: 1b48 3bc3 | 75eb 458b | 5b08 4b8b | 1c1a ff63 | 38e9 8a9d | f4ff 0000 | 0000 0000 | 0000 0000 
  0x0000015938e02700: 0000 0000 | 0000 0000 | 0000 0000 | 0000 0000 | 0000 0000 | 0000 0000 | 2a00 1b00 | 0000 0100 
  0x0000015938e02720: 8b42 0848 | c1e0 0349 | ba00 0000 | 0008 0000 | 0049 03c2 | 488b 9818 | 0300 00ff | 6338 0000 
  0x0000015938e02740: 0000 0000 | 0000 0000 | 0900 1b00 | 0000 0100 | 8b42 0848 | c1e0 0349 | ba00 0000 | 0008 0000 
  0x0000015938e02760: 0049 03c2 | 488b 9810 | 0200 00ff | 6338 0000 | 0000 0000 | 0000 0000 | 0c00 1b00 | 0000 0100 
  0x0000015938e02780: 8b42 0848 | c1e0 0349 | ba00 0000 | 0008 0000 | 0049 03c2 | 488b 9828 | 0200 00ff | 6338 0000 
  0x0000015938e027a0: 0000 0000 | 0000 0000 | 0200 8f00 | 0700 0000 | 488b 5808 | 488b 0044 | 8b52 0849 | c1e2 0349 
  0x0000015938e027c0: bb00 0000 | 0008 0000 | 004d 03d3 | 458b 5a10 | 4f8d 9cda | c801 0000 | 4d8b 1349 | 3bda 7415 
  0x0000015938e027e0: 4d85 d20f | 8459 0000 | 0049 83c3 | 104d 8b13 | 493b da75 | eb44 8b52 | 0849 c1e2 | 0349 bb00 
  0x0000015938e02800: 0000 0008 | 0000 004d | 03d3 458b | 5a10 4f8d | 9cda c801 | 0000 4d8d | 5210 498b | 1b48 3bc3 
  0x0000015938e02820: 7415 4885 | db0f 8417 | 0000 0049 | 83c3 1049 | 8b1b 483b | c375 eb45 | 8b5b 084b | 8b1c 1aff 
  0x0000015938e02840: 6338 e939 | 9cf4 ff00 | 0000 0000 | 0000 0000 | 0000 0000 | 0000 0000 | 0000 0000 | 0000 0000 
  0x0000015938e02860: 0000 0000 | 0000 0000 | 0c00 8f00 | 0700 0000 | 488b 5808 | 488b 0044 | 8b52 0849 | c1e2 0349 
  0x0000015938e02880: bb00 0000 | 0008 0000 | 004d 03d3 | 458b 5a10 | 4f8d 9cda | c801 0000 | 4d8b 1349 | 3bda 7415 
  0x0000015938e028a0: 4d85 d20f | 8459 0000 | 0049 83c3 | 104d 8b13 | 493b da75 | eb44 8b52 | 0849 c1e2 | 0349 bb00 
  0x0000015938e028c0: 0000 0008 | 0000 004d | 03d3 458b | 5a10 4f8d | 9cda c801 | 0000 4d8d | 5260 498b | 1b48 3bc3 
  0x0000015938e028e0: 7415 4885 | db0f 8417 | 0000 0049 | 83c3 1049 | 8b1b 483b | c375 eb45 | 8b5b 084b | 8b1c 1aff 
  0x0000015938e02900: 6338 e979 | 9bf4 ff00 | 0000 0000 | 0000 0000 | 0000 0000 | 0000 0000 | 0000 0000 | 0000 0000 
  0x0000015938e02920: 0000 0000 | 0000 0000 | 0700 8f00 | 0700 0000 | 488b 5808 | 488b 0044 | 8b52 0849 | c1e2 0349 
  0x0000015938e02940: bb00 0000 | 0008 0000 | 004d 03d3 | 458b 5a10 | 4f8d 9cda | c801 0000 | 4d8b 1349 | 3bda 7415 
  0x0000015938e02960: 4d85 d20f | 8459 0000 | 0049 83c3 | 104d 8b13 | 493b da75 | eb44 8b52 | 0849 c1e2 | 0349 bb00 
  0x0000015938e02980: 0000 0008 | 0000 004d | 03d3 458b | 5a10 4f8d | 9cda c801 | 0000 4d8d | 5238 498b | 1b48 3bc3 
  0x0000015938e029a0: 7415 4885 | db0f 8417 | 0000 0049 | 83c3 1049 | 8b1b 483b | c375 eb45 | 8b5b 084b | 8b1c 1aff 
  0x0000015938e029c0: 6338 e9b9 | 9af4 ff00 | 0000 0000 | 0000 0000 | 0000 0000 | 0000 0000 | 0000 0000 | 0000 0000 
  0x0000015938e029e0: 0000 0000 | 0000 0000 | 0100 8f00 | 0700 0000 | 488b 5808 | 488b 0044 | 8b52 0849 | c1e2 0349 
  0x0000015938e02a00: bb00 0000 | 0008 0000 | 004d 03d3 | 458b 5a10 | 4f8d 9cda | c801 0000 | 4d8b 1349 | 3bda 7415 
  0x0000015938e02a20: 4d85 d20f | 8459 0000 | 0049 83c3 | 104d 8b13 | 493b da75 | eb44 8b52 | 0849 c1e2 | 0349 bb00 
  0x0000015938e02a40: 0000 0008 | 0000 004d | 03d3 458b | 5a10 4f8d | 9cda c801 | 0000 4d8d | 5208 498b | 1b48 3bc3 
  0x0000015938e02a60: 7415 4885 | db0f 8417 | 0000 0049 | 83c3 1049 | 8b1b 483b | c375 eb45 | 8b5b 084b | 8b1c 1aff 
  0x0000015938e02a80: 6338 e9f9 | 99f4 ff00 | 0000 0000 | 0000 0000 | 0000 0000 | 0000 0000 | 0000 0000 | 0000 0000 
  0x0000015938e02aa0: 0000 0000 | 0000 0000 | 0f00 1b00 | 0000 0100 | 8b42 0848 | c1e0 0349 | ba00 0000 | 0008 0000 
  0x0000015938e02ac0: 0049 03c2 | 488b 9840 | 0200 00ff | 6338 0000 | 0000 0000 | 0000 0000 | 0d00 1b00 | 0000 0100 
  0x0000015938e02ae0: 8b42 0848 | c1e0 0349 | ba00 0000 | 0008 0000 | 0049 03c2 | 488b 9830 | 0200 00ff | 6338 0000 
  0x0000015938e02b00: 0000 0000 | 0000 0000 | 0700 1b00 | 0000 0100 | 8b42 0848 | c1e0 0349 | ba00 0000 | 0008 0000 
  0x0000015938e02b20: 0049 03c2 | 488b 9800 | 0200 00ff | 6338 0000 | 0000 0000 | 0000 0000 | 0b00 1b00 | 0000 0100 
  0x0000015938e02b40: 8b42 0848 | c1e0 0349 | ba00 0000 | 0008 0000 | 0049 03c2 | 488b 9820 | 0200 00ff | 6338 0000 
  0x0000015938e02b60: 0000 0000 | 0000 0000 | 0800 1b00 | 0000 0100 | 8b42 0848 | c1e0 0349 | ba00 0000 | 0008 0000 
  0x0000015938e02b80: 0049 03c2 | 488b 9808 | 0200 00ff | 6338 0000 | 0000 0000 | 0000 0000 | 2800 1b00 | 0000 0100 
  0x0000015938e02ba0: 8b42 0848 | c1e0 0349 | ba00 0000 | 0008 0000 | 0049 03c2 | 488b 9808 | 0300 00ff | 6338 0000 
  0x0000015938e02bc0: 0000 0000 | 0000 0000 | 0600 8f00 | 0700 0000 | 488b 5808 | 488b 0044 | 8b52 0849 | c1e2 0349 
  0x0000015938e02be0: bb00 0000 | 0008 0000 | 004d 03d3 | 458b 5a10 | 4f8d 9cda | c801 0000 | 4d8b 1349 | 3bda 7415 
  0x0000015938e02c00: 4d85 d20f | 8459 0000 | 0049 83c3 | 104d 8b13 | 493b da75 | eb44 8b52 | 0849 c1e2 | 0349 bb00 
  0x0000015938e02c20: 0000 0008 | 0000 004d | 03d3 458b | 5a10 4f8d | 9cda c801 | 0000 4d8d | 5230 498b | 1b48 3bc3 
  0x0000015938e02c40: 7415 4885 | db0f 8417 | 0000 0049 | 83c3 1049 | 8b1b 483b | c375 eb45 | 8b5b 084b | 8b1c 1aff 
  0x0000015938e02c60: 6338 e919 | 98f4 ff00 | 0000 0000 | 0000 0000 | 0000 0000 | 0000 0000 | 0000 0000 | 0000 0000 
  0x0000015938e02c80: 0000 0000 | 0000 0000 | 0200 1b00 | 0000 0100 | 8b42 0848 | c1e0 0349 | ba00 0000 | 0008 0000 
  0x0000015938e02ca0: 0049 03c2 | 488b 98d8 | 0100 00ff | 6338 0000 | 0000 0000 | 0000 0000 | 0e00 1b00 | 0000 0100 
  0x0000015938e02cc0: 8b42 0848 | c1e0 0349 | ba00 0000 | 0008 0000 | 0049 03c2 | 488b 9838 | 0200 00ff | 6338 0000 
  0x0000015938e02ce0: 0000 0000 | 0000 0000 | 2200 1b00 | 0000 0100 | 8b42 0848 | c1e0 0349 | ba00 0000 | 0008 0000 
  0x0000015938e02d00: 0049 03c2 | 488b 98d8 | 0200 00ff | 6338 0000 | 0000 0000 | 0000 0000 | 0e00 8f00 | 0700 0000 
  0x0000015938e02d20: 488b 5808 | 488b 0044 | 8b52 0849 | c1e2 0349 | bb00 0000 | 0008 0000 | 004d 03d3 | 458b 5a10 
  0x0000015938e02d40: 4f8d 9cda | c801 0000 | 4d8b 1349 | 3bda 7415 | 4d85 d20f | 8459 0000 | 0049 83c3 | 104d 8b13 
  0x0000015938e02d60: 493b da75 | eb44 8b52 | 0849 c1e2 | 0349 bb00 | 0000 0008 | 0000 004d | 03d3 458b | 5a10 4f8d 
  0x0000015938e02d80: 9cda c801 | 0000 4d8d | 5270 498b | 1b48 3bc3 | 7415 4885 | db0f 8417 | 0000 0049 | 83c3 1049 
  0x0000015938e02da0: 8b1b 483b | c375 eb45 | 8b5b 084b | 8b1c 1aff | 6338 e9c9 | 96f4 ff00 | 0000 0000 | 0000 0000 
  0x0000015938e02dc0: 0000 0000 | 0000 0000 | 0000 0000 | 0000 0000 | 0000 0000 | 0000 0000 | 0000 0000 | 0000 0000 
  0x0000015938e02de0: 0000 0000 | 0000 0000 | 0000 0000 | 0000 0000 | 0000 0000 | 0000 0000 | 0000 0000 | 0000 0000 
  0x0000015938e02e00: 0000 0000 | 0000 0000 
[/MachCode]
--------------------------------------------------------------------------------


---------------  P R O C E S S  ---------------

Threads class SMR info:
_java_thread_list=0x0000015954c57b50, length=32, elements={
0x000001594f5502e0, 0x000001594f5510b0, 0x000001594f565e80, 0x000001594f566890,
0x000001594f5695b0, 0x000001594f56b4e0, 0x000001594f570fc0, 0x000001594f579530,
0x000001594f52d350, 0x0000015950398620, 0x000001595086b9a0, 0x0000015950ed82b0,
0x000001595201f830, 0x0000015952020820, 0x000001595201ed90, 0x0000015954855de0,
0x0000015954851380, 0x0000015954854df0, 0x0000015954858310, 0x00000159548508e0,
0x00000159548528c0, 0x0000015954851e20, 0x0000015954852e10, 0x00000159548518d0,
0x0000015954852370, 0x0000015954855340, 0x0000015954854350, 0x0000015954853e00,
0x00000159548548a0, 0x0000015954853360, 0x0000015954856880, 0x00000159548538b0
}

Java Threads: ( => current thread )
  0x000001594f5502e0 JavaThread "Reference Handler" daemon [_thread_blocked, id=13472, stack(0x000000278f400000,0x000000278f500000)]
  0x000001594f5510b0 JavaThread "Finalizer" daemon [_thread_blocked, id=6836, stack(0x000000278f500000,0x000000278f600000)]
  0x000001594f565e80 JavaThread "Signal Dispatcher" daemon [_thread_blocked, id=7692, stack(0x000000278f600000,0x000000278f700000)]
  0x000001594f566890 JavaThread "Attach Listener" daemon [_thread_blocked, id=14108, stack(0x000000278f700000,0x000000278f800000)]
  0x000001594f5695b0 JavaThread "Service Thread" daemon [_thread_blocked, id=8316, stack(0x000000278f800000,0x000000278f900000)]
  0x000001594f56b4e0 JavaThread "Monitor Deflation Thread" daemon [_thread_blocked, id=12720, stack(0x000000278f900000,0x000000278fa00000)]
  0x000001594f570fc0 JavaThread "C1 CompilerThread0" daemon [_thread_blocked, id=13136, stack(0x000000278fa00000,0x000000278fb00000)]
  0x000001594f579530 JavaThread "Sweeper thread" daemon [_thread_blocked, id=13240, stack(0x000000278fb00000,0x000000278fc00000)]
  0x000001594f52d350 JavaThread "Common-Cleaner" daemon [_thread_blocked, id=14084, stack(0x000000278fc00000,0x000000278fd00000)]
  0x0000015950398620 JavaThread "Notification Thread" daemon [_thread_blocked, id=13340, stack(0x000000278fe00000,0x000000278ff00000)]
  0x000001595086b9a0 JavaThread "RMI TCP Accept-0" daemon [_thread_in_native, id=14168, stack(0x000000278ff00000,0x0000002790000000)]
  0x0000015950ed82b0 JavaThread "RMI Scheduler(0)" daemon [_thread_blocked, id=10844, stack(0x0000002790e00000,0x0000002790f00000)]
  0x000001595201f830 JavaThread "mysql-cj-abandoned-connection-cleanup" daemon [_thread_blocked, id=5344, stack(0x0000002791200000,0x0000002791300000)]
  0x0000015952020820 JavaThread "Live Reload Server" daemon [_thread_in_native, id=1192, stack(0x0000002791700000,0x0000002791800000)]
  0x000001595201ed90 JavaThread "DestroyJavaVM" [_thread_blocked, id=7076, stack(0x000000278ed00000,0x000000278ee00000)]
  0x0000015954855de0 JavaThread "Catalina-utility-1" [_thread_blocked, id=1924, stack(0x000000278eb00000,0x000000278ec00000)]
  0x0000015954851380 JavaThread "Catalina-utility-2" [_thread_blocked, id=1932, stack(0x000000278fd00000,0x000000278fe00000)]
  0x0000015954854df0 JavaThread "container-0" [_thread_blocked, id=9356, stack(0x0000002790a00000,0x0000002790b00000)]
  0x0000015954858310 JavaThread "HikariPool-11 housekeeper" daemon [_thread_blocked, id=2052, stack(0x0000002790b00000,0x0000002790c00000)]
=>0x00000159548508e0 JavaThread "File Watcher" daemon [_thread_in_Java, id=9564, stack(0x0000002790f00000,0x0000002791000000)]
  0x00000159548528c0 JavaThread "http-nio-8080-Poller" daemon [_thread_in_native, id=13456, stack(0x0000002791100000,0x0000002791200000)]
  0x0000015954851e20 JavaThread "http-nio-8080-Acceptor" daemon [_thread_in_native, id=2356, stack(0x0000002791300000,0x0000002791400000)]
  0x0000015954852e10 JavaThread "http-nio-8080-exec-1" daemon [_thread_blocked, id=14208, stack(0x000000278ea00000,0x000000278eb00000)]
  0x00000159548518d0 JavaThread "http-nio-8080-exec-2" daemon [_thread_blocked, id=3024, stack(0x000000278ec00000,0x000000278ed00000)]
  0x0000015954852370 JavaThread "http-nio-8080-exec-3" daemon [_thread_blocked, id=9004, stack(0x0000002791500000,0x0000002791600000)]
  0x0000015954855340 JavaThread "http-nio-8080-exec-4" daemon [_thread_blocked, id=2248, stack(0x0000002791600000,0x0000002791700000)]
  0x0000015954854350 JavaThread "http-nio-8080-exec-5" daemon [_thread_blocked, id=11192, stack(0x0000002791800000,0x0000002791900000)]
  0x0000015954853e00 JavaThread "http-nio-8080-exec-6" daemon [_thread_blocked, id=10780, stack(0x0000002791900000,0x0000002791a00000)]
  0x00000159548548a0 JavaThread "http-nio-8080-exec-7" daemon [_thread_blocked, id=10140, stack(0x0000002791a00000,0x0000002791b00000)]
  0x0000015954853360 JavaThread "http-nio-8080-exec-8" daemon [_thread_blocked, id=9896, stack(0x0000002791b00000,0x0000002791c00000)]
  0x0000015954856880 JavaThread "http-nio-8080-exec-9" daemon [_thread_blocked, id=9964, stack(0x0000002791c00000,0x0000002791d00000)]
  0x00000159548538b0 JavaThread "http-nio-8080-exec-10" daemon [_thread_blocked, id=12960, stack(0x0000002791d00000,0x0000002791e00000)]

Other Threads:
  0x000001594f54a770 VMThread "VM Thread" [stack: 0x000000278f300000,0x000000278f400000] [id=12688]
  0x0000015931587b40 WatcherThread [stack: 0x0000002790000000,0x0000002790100000] [id=7308]
  0x00000159315c7b90 GCTaskThread "GC Thread#0" [stack: 0x000000278ee00000,0x000000278ef00000] [id=14256]
  0x0000015950b81790 GCTaskThread "GC Thread#1" [stack: 0x0000002790100000,0x0000002790200000] [id=1552]
  0x0000015950b81aa0 GCTaskThread "GC Thread#2" [stack: 0x0000002790200000,0x0000002790300000] [id=8080]
  0x0000015950b704b0 GCTaskThread "GC Thread#3" [stack: 0x0000002790300000,0x0000002790400000] [id=11316]
  0x0000015950b707c0 GCTaskThread "GC Thread#4" [stack: 0x0000002790400000,0x0000002790500000] [id=1536]
  0x0000015950bcdbb0 GCTaskThread "GC Thread#5" [stack: 0x0000002790500000,0x0000002790600000] [id=6996]
  0x0000015950bb0060 GCTaskThread "GC Thread#6" [stack: 0x0000002790600000,0x0000002790700000] [id=7256]
  0x0000015950bb0370 GCTaskThread "GC Thread#7" [stack: 0x0000002790700000,0x0000002790800000] [id=12076]
  0x00000159315d98f0 ConcurrentGCThread "G1 Main Marker" [stack: 0x000000278ef00000,0x000000278f000000] [id=5432]
  0x00000159315dba20 ConcurrentGCThread "G1 Conc#0" [stack: 0x000000278f000000,0x000000278f100000] [id=9512]
  0x0000015951f915d0 ConcurrentGCThread "G1 Conc#1" [stack: 0x0000002790c00000,0x0000002790d00000] [id=10044]
  0x000001594f400090 ConcurrentGCThread "G1 Refine#0" [stack: 0x000000278f100000,0x000000278f200000] [id=12692]
  0x0000015950bb3290 ConcurrentGCThread "G1 Refine#1" [stack: 0x0000002790800000,0x0000002790900000] [id=3620]
  0x00000159501ad3e0 ConcurrentGCThread "G1 Refine#2" [stack: 0x0000002790900000,0x0000002790a00000] [id=10884]
  0x000001594f400a20 ConcurrentGCThread "G1 Service" [stack: 0x000000278f200000,0x000000278f300000] [id=10016]

Threads with active compile tasks:

VM state: not at safepoint (normal execution)

VM Mutex/Monitor currently owned by a thread: None

Heap address: 0x0000000081800000, size: 2024 MB, Compressed Oops mode: 32-bit

CDS archive(s) mapped at: [0x0000000800000000-0x0000000800bb0000-0x0000000800bb0000), size 12255232, SharedBaseAddress: 0x0000000800000000, ArchiveRelocationMode: 0.
Compressed class space mapped at: 0x0000000800c00000-0x0000000840c00000, reserved size: 1073741824
Narrow klass base: 0x0000000800000000, Narrow klass shift: 3, Narrow klass range: 0x100000000

GC Precious Log:
 CPUs: 8 total, 8 available
 Memory: 8089M
 Large Page Support: Disabled
 NUMA Support: Disabled
 Compressed Oops: Enabled (32-bit)
 Heap Region Size: 1M
 Heap Min Capacity: 8M
 Heap Initial Capacity: 128M
 Heap Max Capacity: 2024M
 Pre-touch: Disabled
 Parallel Workers: 8
 Concurrent Workers: 2
 Concurrent Refinement Workers: 8
 Periodic GC: Disabled

Heap:
 garbage-first heap   total 119808K, used 73937K [0x0000000081800000, 0x0000000100000000)
  region size 1024K, 40 young (40960K), 1 survivors (1024K)
 Metaspace       used 63666K, committed 64512K, reserved 1105920K
  class space    used 8638K, committed 9024K, reserved 1048576K

Heap Regions: E=young(eden), S=young(survivor), O=old, HS=humongous(starts), HC=humongous(continues), CS=collection set, F=free, OA=open archive, CA=closed archive, TAMS=top-at-mark-start (previous, next)
|   0|0x0000000081800000, 0x0000000081900000, 0x0000000081900000|100%|HS|  |TAMS 0x0000000081900000, 0x0000000081800000| Untracked 
|   1|0x0000000081900000, 0x00000000819fd340, 0x0000000081a00000| 98%| O|  |TAMS 0x0000000081900000, 0x0000000081900000| Untracked 
|   2|0x0000000081a00000, 0x0000000081afd0e0, 0x0000000081b00000| 98%| O|  |TAMS 0x0000000081a00000, 0x0000000081a00000| Untracked 
|   3|0x0000000081b00000, 0x0000000081bff360, 0x0000000081c00000| 99%| O|  |TAMS 0x0000000081b00000, 0x0000000081b00000| Untracked 
|   4|0x0000000081c00000, 0x0000000081cfccb8, 0x0000000081d00000| 98%| O|  |TAMS 0x0000000081c00000, 0x0000000081c00000| Untracked 
|   5|0x0000000081d00000, 0x0000000081e00000, 0x0000000081e00000|100%| O|  |TAMS 0x0000000081d00000, 0x0000000081d00000| Untracked 
|   6|0x0000000081e00000, 0x0000000081f00000, 0x0000000081f00000|100%| O|  |TAMS 0x0000000081e00000, 0x0000000081e00000| Untracked 
|   7|0x0000000081f00000, 0x0000000081ffffc0, 0x0000000082000000| 99%| O|  |TAMS 0x0000000081f00000, 0x0000000081f00000| Untracked 
|   8|0x0000000082000000, 0x00000000820fffe0, 0x0000000082100000| 99%| O|  |TAMS 0x0000000082000000, 0x0000000082000000| Untracked 
|   9|0x0000000082100000, 0x00000000821fffc8, 0x0000000082200000| 99%| O|  |TAMS 0x0000000082100000, 0x0000000082100000| Untracked 
|  10|0x0000000082200000, 0x00000000822ffff0, 0x0000000082300000| 99%| O|  |TAMS 0x0000000082200000, 0x0000000082200000| Untracked 
|  11|0x0000000082300000, 0x00000000823ffff8, 0x0000000082400000| 99%| O|  |TAMS 0x0000000082300000, 0x0000000082300000| Untracked 
|  12|0x0000000082400000, 0x0000000082500000, 0x0000000082500000|100%| O|  |TAMS 0x0000000082400000, 0x0000000082400000| Untracked 
|  13|0x0000000082500000, 0x0000000082600000, 0x0000000082600000|100%| O|  |TAMS 0x0000000082500000, 0x0000000082500000| Untracked 
|  14|0x0000000082600000, 0x00000000826fffd8, 0x0000000082700000| 99%| O|  |TAMS 0x0000000082600000, 0x0000000082600000| Untracked 
|  15|0x0000000082700000, 0x0000000082800000, 0x0000000082800000|100%| O|  |TAMS 0x0000000082700000, 0x0000000082700000| Untracked 
|  16|0x0000000082800000, 0x00000000828fffe8, 0x0000000082900000| 99%| O|  |TAMS 0x0000000082800000, 0x0000000082800000| Untracked 
|  17|0x0000000082900000, 0x0000000082a00000, 0x0000000082a00000|100%| O|  |TAMS 0x0000000082900000, 0x0000000082900000| Untracked 
|  18|0x0000000082a00000, 0x0000000082afffe8, 0x0000000082b00000| 99%| O|  |TAMS 0x0000000082a00000, 0x0000000082a00000| Untracked 
|  19|0x0000000082b00000, 0x0000000082bfffd8, 0x0000000082c00000| 99%| O|  |TAMS 0x0000000082b00000, 0x0000000082b00000| Untracked 
|  20|0x0000000082c00000, 0x0000000082cffff0, 0x0000000082d00000| 99%| O|  |TAMS 0x0000000082c00000, 0x0000000082c00000| Untracked 
|  21|0x0000000082d00000, 0x0000000082dffff8, 0x0000000082e00000| 99%| O|  |TAMS 0x0000000082d00000, 0x0000000082d00000| Untracked 
|  22|0x0000000082e00000, 0x0000000082efffd8, 0x0000000082f00000| 99%| O|  |TAMS 0x0000000082e00000, 0x0000000082e00000| Untracked 
|  23|0x0000000082f00000, 0x0000000082fcbf90, 0x0000000083000000| 79%| O|  |TAMS 0x0000000082f00000, 0x0000000082f00000| Untracked 
|  24|0x0000000083000000, 0x00000000830fd968, 0x0000000083100000| 99%| O|  |TAMS 0x0000000083000000, 0x0000000083000000| Untracked 
|  25|0x0000000083100000, 0x00000000831d3c00, 0x0000000083200000| 82%| O|  |TAMS 0x0000000083100000, 0x0000000083100000| Untracked 
|  26|0x0000000083200000, 0x000000008326db00, 0x0000000083300000| 42%| O|  |TAMS 0x0000000083200000, 0x0000000083200000| Untracked 
|  27|0x0000000083300000, 0x0000000083400000, 0x0000000083400000|100%| O|  |TAMS 0x0000000083300000, 0x0000000083300000| Untracked 
|  28|0x0000000083400000, 0x0000000083500000, 0x0000000083500000|100%| O|  |TAMS 0x0000000083400000, 0x0000000083400000| Untracked 
|  29|0x0000000083500000, 0x000000008353be40, 0x0000000083600000| 23%| O|  |TAMS 0x0000000083500000, 0x0000000083500000| Untracked 
|  30|0x0000000083600000, 0x0000000083700000, 0x0000000083700000|100%| O|  |TAMS 0x0000000083600000, 0x0000000083600000| Untracked 
|  31|0x0000000083700000, 0x0000000083800000, 0x0000000083800000|100%| O|  |TAMS 0x0000000083700000, 0x0000000083700000| Untracked 
|  32|0x0000000083800000, 0x0000000083900000, 0x0000000083900000|100%| O|  |TAMS 0x0000000083800000, 0x0000000083800000| Untracked 
|  33|0x0000000083900000, 0x0000000083a00000, 0x0000000083a00000|100%| O|  |TAMS 0x0000000083900000, 0x0000000083900000| Untracked 
|  34|0x0000000083a00000, 0x0000000083aebc00, 0x0000000083b00000| 92%| O|  |TAMS 0x0000000083a00000, 0x0000000083a00000| Untracked 
|  35|0x0000000083b00000, 0x0000000083b00000, 0x0000000083c00000|  0%| F|  |TAMS 0x0000000083b00000, 0x0000000083b00000| Untracked 
|  36|0x0000000083c00000, 0x0000000083c00000, 0x0000000083d00000|  0%| F|  |TAMS 0x0000000083c00000, 0x0000000083c00000| Untracked 
|  37|0x0000000083d00000, 0x0000000083d00000, 0x0000000083e00000|  0%| F|  |TAMS 0x0000000083d00000, 0x0000000083d00000| Untracked 
|  38|0x0000000083e00000, 0x0000000083e00000, 0x0000000083f00000|  0%| F|  |TAMS 0x0000000083e00000, 0x0000000083e00000| Untracked 
|  39|0x0000000083f00000, 0x0000000083f00000, 0x0000000084000000|  0%| F|  |TAMS 0x0000000083f00000, 0x0000000083f00000| Untracked 
|  40|0x0000000084000000, 0x0000000084000000, 0x0000000084100000|  0%| F|  |TAMS 0x0000000084000000, 0x0000000084000000| Untracked 
|  41|0x0000000084100000, 0x0000000084100000, 0x0000000084200000|  0%| F|  |TAMS 0x0000000084100000, 0x0000000084100000| Untracked 
|  42|0x0000000084200000, 0x0000000084200000, 0x0000000084300000|  0%| F|  |TAMS 0x0000000084200000, 0x0000000084200000| Untracked 
|  43|0x0000000084300000, 0x0000000084300000, 0x0000000084400000|  0%| F|  |TAMS 0x0000000084300000, 0x0000000084300000| Untracked 
|  44|0x0000000084400000, 0x0000000084400000, 0x0000000084500000|  0%| F|  |TAMS 0x0000000084400000, 0x0000000084400000| Untracked 
|  45|0x0000000084500000, 0x0000000084500000, 0x0000000084600000|  0%| F|  |TAMS 0x0000000084500000, 0x0000000084500000| Untracked 
|  46|0x0000000084600000, 0x0000000084600000, 0x0000000084700000|  0%| F|  |TAMS 0x0000000084600000, 0x0000000084600000| Untracked 
|  47|0x0000000084700000, 0x0000000084700000, 0x0000000084800000|  0%| F|  |TAMS 0x0000000084700000, 0x0000000084700000| Untracked 
|  48|0x0000000084800000, 0x0000000084800000, 0x0000000084900000|  0%| F|  |TAMS 0x0000000084800000, 0x0000000084800000| Untracked 
|  49|0x0000000084900000, 0x0000000084900000, 0x0000000084a00000|  0%| F|  |TAMS 0x0000000084900000, 0x0000000084900000| Untracked 
|  50|0x0000000084a00000, 0x0000000084a00000, 0x0000000084b00000|  0%| F|  |TAMS 0x0000000084a00000, 0x0000000084a00000| Untracked 
|  51|0x0000000084b00000, 0x0000000084be8358, 0x0000000084c00000| 90%| S|CS|TAMS 0x0000000084b00000, 0x0000000084b00000| Complete 
|  52|0x0000000084c00000, 0x0000000084c00000, 0x0000000084d00000|  0%| F|  |TAMS 0x0000000084c00000, 0x0000000084c00000| Untracked 
|  53|0x0000000084d00000, 0x0000000084d23708, 0x0000000084e00000| 13%| O|  |TAMS 0x0000000084d00000, 0x0000000084d00000| Untracked 
|  54|0x0000000084e00000, 0x0000000084e00000, 0x0000000084f00000|  0%| F|  |TAMS 0x0000000084e00000, 0x0000000084e00000| Untracked 
|  55|0x0000000084f00000, 0x0000000084f00000, 0x0000000085000000|  0%| F|  |TAMS 0x0000000084f00000, 0x0000000084f00000| Untracked 
|  56|0x0000000085000000, 0x0000000085000000, 0x0000000085100000|  0%| F|  |TAMS 0x0000000085000000, 0x0000000085000000| Untracked 
|  57|0x0000000085100000, 0x0000000085100000, 0x0000000085200000|  0%| F|  |TAMS 0x0000000085100000, 0x0000000085100000| Untracked 
|  58|0x0000000085200000, 0x0000000085200000, 0x0000000085300000|  0%| F|  |TAMS 0x0000000085200000, 0x0000000085200000| Untracked 
|  59|0x0000000085300000, 0x0000000085300000, 0x0000000085400000|  0%| F|  |TAMS 0x0000000085300000, 0x0000000085300000| Untracked 
|  60|0x0000000085400000, 0x0000000085400000, 0x0000000085500000|  0%| F|  |TAMS 0x0000000085400000, 0x0000000085400000| Untracked 
|  61|0x0000000085500000, 0x0000000085500000, 0x0000000085600000|  0%| F|  |TAMS 0x0000000085500000, 0x0000000085500000| Untracked 
|  62|0x0000000085600000, 0x0000000085600000, 0x0000000085700000|  0%| F|  |TAMS 0x0000000085600000, 0x0000000085600000| Untracked 
|  63|0x0000000085700000, 0x0000000085700000, 0x0000000085800000|  0%| F|  |TAMS 0x0000000085700000, 0x0000000085700000| Untracked 
|  64|0x0000000085800000, 0x0000000085800000, 0x0000000085900000|  0%| F|  |TAMS 0x0000000085800000, 0x0000000085800000| Untracked 
|  65|0x0000000085900000, 0x0000000085900000, 0x0000000085a00000|  0%| F|  |TAMS 0x0000000085900000, 0x0000000085900000| Untracked 
|  66|0x0000000085a00000, 0x0000000085a00000, 0x0000000085b00000|  0%| F|  |TAMS 0x0000000085a00000, 0x0000000085a00000| Untracked 
|  67|0x0000000085b00000, 0x0000000085b00000, 0x0000000085c00000|  0%| F|  |TAMS 0x0000000085b00000, 0x0000000085b00000| Untracked 
|  68|0x0000000085c00000, 0x0000000085c00000, 0x0000000085d00000|  0%| F|  |TAMS 0x0000000085c00000, 0x0000000085c00000| Untracked 
|  69|0x0000000085d00000, 0x0000000085d00000, 0x0000000085e00000|  0%| F|  |TAMS 0x0000000085d00000, 0x0000000085d00000| Untracked 
|  70|0x0000000085e00000, 0x0000000085e00000, 0x0000000085f00000|  0%| F|  |TAMS 0x0000000085e00000, 0x0000000085e00000| Untracked 
|  71|0x0000000085f00000, 0x0000000085f00000, 0x0000000086000000|  0%| F|  |TAMS 0x0000000085f00000, 0x0000000085f00000| Untracked 
|  72|0x0000000086000000, 0x0000000086000000, 0x0000000086100000|  0%| F|  |TAMS 0x0000000086000000, 0x0000000086000000| Untracked 
|  73|0x0000000086100000, 0x0000000086100000, 0x0000000086200000|  0%| F|  |TAMS 0x0000000086100000, 0x0000000086100000| Untracked 
|  74|0x0000000086200000, 0x0000000086200000, 0x0000000086300000|  0%| F|  |TAMS 0x0000000086200000, 0x0000000086200000| Untracked 
|  75|0x0000000086300000, 0x0000000086300000, 0x0000000086400000|  0%| F|  |TAMS 0x0000000086300000, 0x0000000086300000| Untracked 
|  76|0x0000000086400000, 0x0000000086400000, 0x0000000086500000|  0%| F|  |TAMS 0x0000000086400000, 0x0000000086400000| Untracked 
|  77|0x0000000086500000, 0x0000000086500000, 0x0000000086600000|  0%| F|  |TAMS 0x0000000086500000, 0x0000000086500000| Untracked 
|  78|0x0000000086600000, 0x0000000086603ad8, 0x0000000086700000|  1%| E|  |TAMS 0x0000000086600000, 0x0000000086600000| Complete 
|  79|0x0000000086700000, 0x0000000086800000, 0x0000000086800000|100%| E|CS|TAMS 0x0000000086700000, 0x0000000086700000| Complete 
|  80|0x0000000086800000, 0x0000000086900000, 0x0000000086900000|100%| E|CS|TAMS 0x0000000086800000, 0x0000000086800000| Complete 
|  81|0x0000000086900000, 0x0000000086a00000, 0x0000000086a00000|100%| E|CS|TAMS 0x0000000086900000, 0x0000000086900000| Complete 
|  82|0x0000000086a00000, 0x0000000086b00000, 0x0000000086b00000|100%| E|CS|TAMS 0x0000000086a00000, 0x0000000086a00000| Complete 
|  83|0x0000000086b00000, 0x0000000086c00000, 0x0000000086c00000|100%| E|CS|TAMS 0x0000000086b00000, 0x0000000086b00000| Complete 
|  84|0x0000000086c00000, 0x0000000086d00000, 0x0000000086d00000|100%| E|CS|TAMS 0x0000000086c00000, 0x0000000086c00000| Complete 
|  85|0x0000000086d00000, 0x0000000086e00000, 0x0000000086e00000|100%| E|CS|TAMS 0x0000000086d00000, 0x0000000086d00000| Complete 
|  86|0x0000000086e00000, 0x0000000086f00000, 0x0000000086f00000|100%| E|CS|TAMS 0x0000000086e00000, 0x0000000086e00000| Complete 
|  87|0x0000000086f00000, 0x0000000087000000, 0x0000000087000000|100%| E|CS|TAMS 0x0000000086f00000, 0x0000000086f00000| Complete 
|  88|0x0000000087000000, 0x0000000087100000, 0x0000000087100000|100%| E|CS|TAMS 0x0000000087000000, 0x0000000087000000| Complete 
|  89|0x0000000087100000, 0x0000000087200000, 0x0000000087200000|100%| E|CS|TAMS 0x0000000087100000, 0x0000000087100000| Complete 
|  90|0x0000000087200000, 0x0000000087300000, 0x0000000087300000|100%| E|CS|TAMS 0x0000000087200000, 0x0000000087200000| Complete 
|  91|0x0000000087300000, 0x0000000087400000, 0x0000000087400000|100%| E|CS|TAMS 0x0000000087300000, 0x0000000087300000| Complete 
|  92|0x0000000087400000, 0x0000000087500000, 0x0000000087500000|100%| E|CS|TAMS 0x0000000087400000, 0x0000000087400000| Complete 
|  93|0x0000000087500000, 0x0000000087600000, 0x0000000087600000|100%| E|CS|TAMS 0x0000000087500000, 0x0000000087500000| Complete 
|  94|0x0000000087600000, 0x0000000087700000, 0x0000000087700000|100%| E|CS|TAMS 0x0000000087600000, 0x0000000087600000| Complete 
|  95|0x0000000087700000, 0x0000000087800000, 0x0000000087800000|100%| E|CS|TAMS 0x0000000087700000, 0x0000000087700000| Complete 
|  96|0x0000000087800000, 0x0000000087900000, 0x0000000087900000|100%| E|CS|TAMS 0x0000000087800000, 0x0000000087800000| Complete 
|  97|0x0000000087900000, 0x0000000087a00000, 0x0000000087a00000|100%| E|CS|TAMS 0x0000000087900000, 0x0000000087900000| Complete 
|  98|0x0000000087a00000, 0x0000000087b00000, 0x0000000087b00000|100%| E|CS|TAMS 0x0000000087a00000, 0x0000000087a00000| Complete 
|  99|0x0000000087b00000, 0x0000000087c00000, 0x0000000087c00000|100%| E|CS|TAMS 0x0000000087b00000, 0x0000000087b00000| Complete 
| 100|0x0000000087c00000, 0x0000000087d00000, 0x0000000087d00000|100%| E|CS|TAMS 0x0000000087c00000, 0x0000000087c00000| Complete 
| 101|0x0000000087d00000, 0x0000000087e00000, 0x0000000087e00000|100%| E|CS|TAMS 0x0000000087d00000, 0x0000000087d00000| Complete 
| 102|0x0000000087e00000, 0x0000000087f00000, 0x0000000087f00000|100%| E|CS|TAMS 0x0000000087e00000, 0x0000000087e00000| Complete 
| 103|0x0000000087f00000, 0x0000000088000000, 0x0000000088000000|100%| E|CS|TAMS 0x0000000087f00000, 0x0000000087f00000| Complete 
| 104|0x0000000088000000, 0x0000000088100000, 0x0000000088100000|100%| E|CS|TAMS 0x0000000088000000, 0x0000000088000000| Complete 
| 105|0x0000000088100000, 0x0000000088200000, 0x0000000088200000|100%| E|CS|TAMS 0x0000000088100000, 0x0000000088100000| Complete 
| 106|0x0000000088200000, 0x0000000088300000, 0x0000000088300000|100%| E|CS|TAMS 0x0000000088200000, 0x0000000088200000| Complete 
| 107|0x0000000088300000, 0x0000000088400000, 0x0000000088400000|100%| E|CS|TAMS 0x0000000088300000, 0x0000000088300000| Complete 
| 108|0x0000000088400000, 0x0000000088500000, 0x0000000088500000|100%| E|CS|TAMS 0x0000000088400000, 0x0000000088400000| Complete 
| 109|0x0000000088500000, 0x0000000088600000, 0x0000000088600000|100%| E|CS|TAMS 0x0000000088500000, 0x0000000088500000| Complete 
| 110|0x0000000088600000, 0x0000000088700000, 0x0000000088700000|100%| E|CS|TAMS 0x0000000088600000, 0x0000000088600000| Complete 
| 111|0x0000000088700000, 0x0000000088800000, 0x0000000088800000|100%| E|CS|TAMS 0x0000000088700000, 0x0000000088700000| Complete 
| 112|0x0000000088800000, 0x0000000088900000, 0x0000000088900000|100%| E|CS|TAMS 0x0000000088800000, 0x0000000088800000| Complete 
| 113|0x0000000088900000, 0x0000000088a00000, 0x0000000088a00000|100%| E|CS|TAMS 0x0000000088900000, 0x0000000088900000| Complete 
| 114|0x0000000088a00000, 0x0000000088b00000, 0x0000000088b00000|100%| E|CS|TAMS 0x0000000088a00000, 0x0000000088a00000| Complete 
| 115|0x0000000088b00000, 0x0000000088c00000, 0x0000000088c00000|100%| E|CS|TAMS 0x0000000088b00000, 0x0000000088b00000| Complete 
| 116|0x0000000088c00000, 0x0000000088d00000, 0x0000000088d00000|100%| E|CS|TAMS 0x0000000088c00000, 0x0000000088c00000| Complete 

Card table byte_map: [0x0000015948430000,0x0000015948830000] _byte_map_base: 0x0000015948024000

Marking Bits (Prev, Next): (CMBitMap*) 0x00000159315c91a0, (CMBitMap*) 0x00000159315c91e0
 Prev Bits: [0x0000015948c30000, 0x000001594abd0000)
 Next Bits: [0x000001594abd0000, 0x000001594cb70000)

Polling page: 0x000001592f4d0000

Metaspace:

Usage:
  Non-class:     53.74 MB used.
      Class:      8.44 MB used.
       Both:     62.17 MB used.

Virtual space:
  Non-class space:       56.00 MB reserved,      54.19 MB ( 97%) committed,  7 nodes.
      Class space:        1.00 GB reserved,       8.81 MB ( <1%) committed,  1 nodes.
              Both:        1.05 GB reserved,      63.00 MB (  6%) committed. 

Chunk freelists:
   Non-Class:  1.26 MB
       Class:  3.01 MB
        Both:  4.28 MB

MaxMetaspaceSize: 17179869184.00 GB
CompressedClassSpaceSize: 1.00 GB
 - commit_granule_bytes: 65536.
 - commit_granule_words: 8192.
 - virtual_space_node_default_size: 1048576.
 - enlarge_chunks_in_place: 1.
 - new_chunks_are_fully_committed: 0.
 - uncommit_free_chunks: 1.
 - use_allocation_guard: 0.
 - handle_deallocations: 1.


Internal statistics:

num_allocs_failed_limit: 6.
num_arena_births: 1292.
num_arena_deaths: 190.
num_vsnodes_births: 8.
num_vsnodes_deaths: 0.
num_space_committed: 1008.
num_space_uncommitted: 0.
num_chunks_returned_to_freelist: 233.
num_chunks_taken_from_freelist: 4019.
num_chunk_merges: 65.
num_chunk_splits: 2505.
num_chunks_enlarged: 1655.
num_purges: 20.

CodeHeap 'non-profiled nmethods': size=238336Kb used=22447Kb max_used=22447Kb free=215888Kb
 bounds [0x0000015939440000, 0x000001593aa30000, 0x0000015947d00000]
CodeHeap 'non-nmethods': size=7424Kb used=1338Kb max_used=1338Kb free=6085Kb
 bounds [0x0000015938d00000, 0x0000015938f70000, 0x0000015939440000]
 total_blobs=13939 nmethods=13270 adapters=595
 compilation: enabled
              stopped_count=0, restarted_count=0
 full_count=0

Compilation events (20 events):
Event: 37281.859 Thread 0x000001594f570fc0 13261       1       sun.security.jca.ProviderList::getProvider (22 bytes)
Event: 37281.860 Thread 0x000001594f570fc0 nmethod 13261 0x000001593aa28910 code [0x000001593aa28ac0, 0x000001593aa28be8]
Event: 37283.975 Thread 0x000001594f570fc0 13262  s    1       java.util.Properties::clone (25 bytes)
Event: 37283.975 Thread 0x000001594f570fc0 nmethod 13262 0x000001593aa28d10 code [0x000001593aa28ee0, 0x000001593aa29308]
Event: 37283.975 Thread 0x000001594f570fc0 13263   !   1       java.util.Hashtable::cloneHashtable (18 bytes)
Event: 37283.975 Thread 0x000001594f570fc0 nmethod 13263 0x000001593aa29510 code [0x000001593aa296c0, 0x000001593aa298b8]
Event: 37283.976 Thread 0x000001594f570fc0 13264       1       java.util.concurrent.ConcurrentHashMap::<init> (16 bytes)
Event: 37283.976 Thread 0x000001594f570fc0 nmethod 13264 0x000001593aa29a10 code [0x000001593aa29ba0, 0x000001593aa29c88]
Event: 37301.802 Thread 0x000001594f570fc0 13265       1       sun.nio.cs.UTF_8$Encoder::isLegalReplacement (26 bytes)
Event: 37301.802 Thread 0x000001594f570fc0 nmethod 13265 0x000001593aa29d10 code [0x000001593aa29ec0, 0x000001593aa2a008]
Event: 37306.720 Thread 0x000001594f570fc0 13266       1       sun.nio.cs.UTF_8::newEncoder (9 bytes)
Event: 37306.720 Thread 0x000001594f570fc0 nmethod 13266 0x000001593aa2a110 code [0x000001593aa2a2e0, 0x000001593aa2a508]
Event: 37311.726 Thread 0x000001594f570fc0 13267       1       java.util.IdentityHashMap$IdentityHashMapIterator::hasNext (50 bytes)
Event: 37311.726 Thread 0x000001594f570fc0 nmethod 13267 0x000001593aa2a610 code [0x000001593aa2a7c0, 0x000001593aa2a918]
Event: 37318.191 Thread 0x000001594f570fc0 13268   !   1       java.lang.ThreadGroup::add (110 bytes)
Event: 37318.192 Thread 0x000001594f570fc0 nmethod 13268 0x000001593aa2aa10 code [0x000001593aa2ac00, 0x000001593aa2b178]
Event: 37318.193 Thread 0x000001594f570fc0 13269       1       java.net.Inet4Address::<init> (29 bytes)
Event: 37318.193 Thread 0x000001594f570fc0 nmethod 13269 0x000001593aa2b510 code [0x000001593aa2b6c0, 0x000001593aa2b8b8]
Event: 37318.194 Thread 0x000001594f570fc0 13270       1       com.mysql.cj.protocol.Security::xorString (37 bytes)
Event: 37318.194 Thread 0x000001594f570fc0 nmethod 13270 0x000001593aa2b990 code [0x000001593aa2bb40, 0x000001593aa2bc98]

GC Heap History (20 events):
Event: 2356.352 GC heap before
{Heap before GC invocations=47 (full 9):
 garbage-first heap   total 102400K, used 50935K [0x0000000081800000, 0x0000000100000000)
  region size 1024K, 22 young (22528K), 5 survivors (5120K)
 Metaspace       used 63130K, committed 64000K, reserved 1105920K
  class space    used 8591K, committed 9024K, reserved 1048576K
}
Event: 2356.400 GC heap after
{Heap after GC invocations=48 (full 10):
 garbage-first heap   total 99328K, used 27010K [0x0000000081800000, 0x0000000100000000)
  region size 1024K, 0 young (0K), 0 survivors (0K)
 Metaspace       used 62943K, committed 64000K, reserved 1105920K
  class space    used 8551K, committed 9024K, reserved 1048576K
}
Event: 2356.647 GC heap before
{Heap before GC invocations=48 (full 10):
 garbage-first heap   total 99328K, used 76162K [0x0000000081800000, 0x0000000100000000)
  region size 1024K, 49 young (50176K), 0 survivors (0K)
 Metaspace       used 63037K, committed 64000K, reserved 1105920K
  class space    used 8566K, committed 9024K, reserved 1048576K
}
Event: 2356.650 GC heap after
{Heap after GC invocations=49 (full 10):
 garbage-first heap   total 99328K, used 29693K [0x0000000081800000, 0x0000000100000000)
  region size 1024K, 3 young (3072K), 3 survivors (3072K)
 Metaspace       used 63037K, committed 64000K, reserved 1105920K
  class space    used 8566K, committed 9024K, reserved 1048576K
}
Event: 2356.850 GC heap before
{Heap before GC invocations=49 (full 10):
 garbage-first heap   total 99328K, used 76797K [0x0000000081800000, 0x0000000100000000)
  region size 1024K, 50 young (51200K), 3 survivors (3072K)
 Metaspace       used 63261K, committed 64128K, reserved 1105920K
  class space    used 8583K, committed 9024K, reserved 1048576K
}
Event: 2356.854 GC heap after
{Heap after GC invocations=50 (full 10):
 garbage-first heap   total 119808K, used 31453K [0x0000000081800000, 0x0000000100000000)
  region size 1024K, 5 young (5120K), 5 survivors (5120K)
 Metaspace       used 63261K, committed 64128K, reserved 1105920K
  class space    used 8583K, committed 9024K, reserved 1048576K
}
Event: 2760.668 GC heap before
{Heap before GC invocations=50 (full 10):
 garbage-first heap   total 119808K, used 91869K [0x0000000081800000, 0x0000000100000000)
  region size 1024K, 64 young (65536K), 5 survivors (5120K)
 Metaspace       used 63576K, committed 64448K, reserved 1105920K
  class space    used 8622K, committed 9024K, reserved 1048576K
}
Event: 2760.675 GC heap after
{Heap after GC invocations=51 (full 10):
 garbage-first heap   total 119808K, used 34216K [0x0000000081800000, 0x0000000100000000)
  region size 1024K, 6 young (6144K), 6 survivors (6144K)
 Metaspace       used 63576K, committed 64448K, reserved 1105920K
  class space    used 8622K, committed 9024K, reserved 1048576K
}
Event: 3358.498 GC heap before
{Heap before GC invocations=51 (full 10):
 garbage-first heap   total 119808K, used 91560K [0x0000000081800000, 0x0000000100000000)
  region size 1024K, 63 young (64512K), 6 survivors (6144K)
 Metaspace       used 63634K, committed 64512K, reserved 1105920K
  class space    used 8632K, committed 9024K, reserved 1048576K
}
Event: 3358.501 GC heap after
{Heap after GC invocations=52 (full 10):
 garbage-first heap   total 119808K, used 34873K [0x0000000081800000, 0x0000000100000000)
  region size 1024K, 5 young (5120K), 5 survivors (5120K)
 Metaspace       used 63634K, committed 64512K, reserved 1105920K
  class space    used 8632K, committed 9024K, reserved 1048576K
}
Event: 6199.601 GC heap before
{Heap before GC invocations=52 (full 10):
 garbage-first heap   total 119808K, used 94265K [0x0000000081800000, 0x0000000100000000)
  region size 1024K, 63 young (64512K), 5 survivors (5120K)
 Metaspace       used 63666K, committed 64512K, reserved 1105920K
  class space    used 8638K, committed 9024K, reserved 1048576K
}
Event: 6199.613 GC heap after
{Heap after GC invocations=53 (full 10):
 garbage-first heap   total 119808K, used 35293K [0x0000000081800000, 0x0000000100000000)
  region size 1024K, 5 young (5120K), 5 survivors (5120K)
 Metaspace       used 63666K, committed 64512K, reserved 1105920K
  class space    used 8638K, committed 9024K, reserved 1048576K
}
Event: 7497.319 GC heap before
{Heap before GC invocations=53 (full 10):
 garbage-first heap   total 119808K, used 95709K [0x0000000081800000, 0x0000000100000000)
  region size 1024K, 64 young (65536K), 5 survivors (5120K)
 Metaspace       used 63666K, committed 64512K, reserved 1105920K
  class space    used 8638K, committed 9024K, reserved 1048576K
}
Event: 7497.350 GC heap after
{Heap after GC invocations=54 (full 10):
 garbage-first heap   total 119808K, used 35574K [0x0000000081800000, 0x0000000100000000)
  region size 1024K, 2 young (2048K), 2 survivors (2048K)
 Metaspace       used 63666K, committed 64512K, reserved 1105920K
  class space    used 8638K, committed 9024K, reserved 1048576K
}
Event: 8826.682 GC heap before
{Heap before GC invocations=54 (full 10):
 garbage-first heap   total 119808K, used 97014K [0x0000000081800000, 0x0000000100000000)
  region size 1024K, 62 young (63488K), 2 survivors (2048K)
 Metaspace       used 63666K, committed 64512K, reserved 1105920K
  class space    used 8638K, committed 9024K, reserved 1048576K
}
Event: 8826.686 GC heap after
{Heap after GC invocations=55 (full 10):
 garbage-first heap   total 119808K, used 35077K [0x0000000081800000, 0x0000000100000000)
  region size 1024K, 1 young (1024K), 1 survivors (1024K)
 Metaspace       used 63666K, committed 64512K, reserved 1105920K
  class space    used 8638K, committed 9024K, reserved 1048576K
}
Event: 35501.068 GC heap before
{Heap before GC invocations=55 (full 10):
 garbage-first heap   total 119808K, used 97541K [0x0000000081800000, 0x0000000100000000)
  region size 1024K, 62 young (63488K), 1 survivors (1024K)
 Metaspace       used 63666K, committed 64512K, reserved 1105920K
  class space    used 8638K, committed 9024K, reserved 1048576K
}
Event: 35501.415 GC heap after
{Heap after GC invocations=56 (full 10):
 garbage-first heap   total 119808K, used 34814K [0x0000000081800000, 0x0000000100000000)
  region size 1024K, 1 young (1024K), 1 survivors (1024K)
 Metaspace       used 63666K, committed 64512K, reserved 1105920K
  class space    used 8638K, committed 9024K, reserved 1048576K
}
Event: 36883.332 GC heap before
{Heap before GC invocations=56 (full 10):
 garbage-first heap   total 119808K, used 99326K [0x0000000081800000, 0x0000000100000000)
  region size 1024K, 64 young (65536K), 1 survivors (1024K)
 Metaspace       used 63666K, committed 64512K, reserved 1105920K
  class space    used 8638K, committed 9024K, reserved 1048576K
}
Event: 36883.340 GC heap after
{Heap after GC invocations=57 (full 10):
 garbage-first heap   total 119808K, used 35025K [0x0000000081800000, 0x0000000100000000)
  region size 1024K, 1 young (1024K), 1 survivors (1024K)
 Metaspace       used 63666K, committed 64512K, reserved 1105920K
  class space    used 8638K, committed 9024K, reserved 1048576K
}

Deoptimization events (8 events):
Event: 1.638 Thread 0x0000015950c12960 DEOPT PACKING pc=0x00000159397437d4 sp=0x0000002790bfcc40
Event: 1.638 Thread 0x0000015950c12960 DEOPT UNPACKING pc=0x0000015938d4dece sp=0x0000002790bfc198 mode 0
Event: 2.221 Thread 0x0000015950c12960 DEOPT PACKING pc=0x0000015939706c01 sp=0x0000002790bfdcb0
Event: 2.221 Thread 0x0000015950c12960 DEOPT UNPACKING pc=0x0000015938d4dece sp=0x0000002790bfd140 mode 3
Event: 2.221 Thread 0x000001595201f2e0 DEOPT PACKING pc=0x00000159396b3217 sp=0x00000027910feda0
Event: 2.221 Thread 0x000001595201f2e0 DEOPT UNPACKING pc=0x0000015938d4dece sp=0x00000027910fe1f8 mode 3
Event: 3.429 Thread 0x0000015950c12960 DEOPT PACKING pc=0x000001593975c0ea sp=0x0000002790bfd2b0
Event: 3.429 Thread 0x0000015950c12960 DEOPT UNPACKING pc=0x0000015938d4dece sp=0x0000002790bfc7b8 mode 3

Classes unloaded (20 events):
Event: 2356.363 Thread 0x000001594f54a770 Unloading class 0x0000000800cf8800 'java/lang/invoke/LambdaForm$MH+0x0000000800cf8800'
Event: 2356.363 Thread 0x000001594f54a770 Unloading class 0x0000000800c0b400 'jdk/internal/reflect/GeneratedSerializationConstructorAccessor3'
Event: 2356.363 Thread 0x000001594f54a770 Unloading class 0x0000000800c0b000 'jdk/internal/reflect/GeneratedSerializationConstructorAccessor2'
Event: 2356.363 Thread 0x000001594f54a770 Unloading class 0x0000000800c0ac00 'jdk/internal/reflect/GeneratedSerializationConstructorAccessor1'
Event: 2356.363 Thread 0x000001594f54a770 Unloading class 0x0000000800c0a400 'java/lang/invoke/LambdaForm$DMH+0x0000000800c0a400'
Event: 2356.363 Thread 0x000001594f54a770 Unloading class 0x0000000800c09c00 'java/lang/invoke/LambdaForm$DMH+0x0000000800c09c00'
Event: 2356.363 Thread 0x000001594f54a770 Unloading class 0x0000000800c09000 'jdk/internal/reflect/GeneratedConstructorAccessor1'
Event: 2356.363 Thread 0x000001594f54a770 Unloading class 0x0000000800c08800 'java/lang/invoke/LambdaForm$MH+0x0000000800c08800'
Event: 2356.363 Thread 0x000001594f54a770 Unloading class 0x0000000800c08400 'java/lang/invoke/LambdaForm$MH+0x0000000800c08400'
Event: 2356.363 Thread 0x000001594f54a770 Unloading class 0x0000000800c08000 'java/lang/invoke/LambdaForm$MH+0x0000000800c08000'
Event: 2356.363 Thread 0x000001594f54a770 Unloading class 0x0000000800c07c00 'java/lang/invoke/LambdaForm$MH+0x0000000800c07c00'
Event: 2356.363 Thread 0x000001594f54a770 Unloading class 0x0000000800c07800 'java/lang/invoke/LambdaForm$MH+0x0000000800c07800'
Event: 2356.363 Thread 0x000001594f54a770 Unloading class 0x0000000800c07400 'java/lang/invoke/LambdaForm$MH+0x0000000800c07400'
Event: 2356.363 Thread 0x000001594f54a770 Unloading class 0x0000000800c06400 'java/lang/invoke/LambdaForm$MH+0x0000000800c06400'
Event: 2356.363 Thread 0x000001594f54a770 Unloading class 0x0000000800c06000 'java/lang/invoke/LambdaForm$MH+0x0000000800c06000'
Event: 2356.363 Thread 0x000001594f54a770 Unloading class 0x0000000800c05800 'java/lang/invoke/LambdaForm$MH+0x0000000800c05800'
Event: 2356.363 Thread 0x000001594f54a770 Unloading class 0x0000000800c04c00 'java/lang/invoke/LambdaForm$MH+0x0000000800c04c00'
Event: 2356.363 Thread 0x000001594f54a770 Unloading class 0x0000000800c04400 'java/lang/invoke/LambdaForm$MH+0x0000000800c04400'
Event: 2356.363 Thread 0x000001594f54a770 Unloading class 0x0000000800c03c00 'java/lang/invoke/LambdaForm$MH+0x0000000800c03c00'
Event: 2356.363 Thread 0x000001594f54a770 Unloading class 0x0000000800c03400 'java/lang/invoke/LambdaForm$MH+0x0000000800c03400'

Classes redefined (0 events):
No events

Internal exceptions (20 events):
Event: 2360.231 Thread 0x00000159548518d0 Exception <a 'java/io/IOException'{0x0000000087a6bdd0}> (0x0000000087a6bdd0) 
thrown [t:\workspace\open\src\hotspot\share\prims\jni.cpp, line 579]
Event: 2360.231 Thread 0x00000159548518d0 Exception <a 'java/io/IOException'{0x0000000087a6c3b0}> (0x0000000087a6c3b0) 
thrown [t:\workspace\open\src\hotspot\share\prims\jni.cpp, line 579]
Event: 2386.022 Thread 0x0000015954856880 Exception <a 'java/lang/ClassNotFoundException'{0x0000000087643658}: java/lang/ObjectCustomizer> (0x0000000087643658) 
thrown [t:\workspace\open\src\hotspot\share\classfile\systemDictionary.cpp, line 256]
Event: 2386.023 Thread 0x0000015954856880 Exception <a 'java/lang/ClassNotFoundException'{0x000000008764f850}: com/example/music/model/binding/UserLoginBindingModelCustomizer> (0x000000008764f850) 
thrown [t:\workspace\open\src\hotspot\share\classfile\systemDictionary.cpp, line 256]
Event: 2389.110 Thread 0x0000015954852370 Exception <a 'java/lang/ClassNotFoundException'{0x0000000087167fe8}: java/lang/ObjectCustomizer> (0x0000000087167fe8) 
thrown [t:\workspace\open\src\hotspot\share\classfile\systemDictionary.cpp, line 256]
Event: 2389.112 Thread 0x0000015954852370 Exception <a 'java/lang/ClassNotFoundException'{0x0000000087174140}: com/example/music/model/binding/AlbumAddBindingModelCustomizer> (0x0000000087174140) 
thrown [t:\workspace\open\src\hotspot\share\classfile\systemDictionary.cpp, line 256]
Event: 2402.664 Thread 0x00000159548518d0 Exception <a 'java/lang/ClassNotFoundException'{0x0000000086e8b0b8}: java/lang/ObjectCustomizer> (0x0000000086e8b0b8) 
thrown [t:\workspace\open\src\hotspot\share\classfile\systemDictionary.cpp, line 256]
Event: 2402.665 Thread 0x00000159548518d0 Exception <a 'java/lang/ClassNotFoundException'{0x0000000086e97418}: com/example/music/model/entity/BaseEntityCustomizer> (0x0000000086e97418) 
thrown [t:\workspace\open\src\hotspot\share\classfile\systemDictionary.cpp, line 256]
Event: 2402.666 Thread 0x00000159548518d0 Exception <a 'java/lang/ClassNotFoundException'{0x0000000086ea1c30}: com/example/music/model/entity/AlbumCustomizer> (0x0000000086ea1c30) 
thrown [t:\workspace\open\src\hotspot\share\classfile\systemDictionary.cpp, line 256]
Event: 3168.605 Thread 0x0000015954855340 Exception <a 'java/io/IOException'{0x0000000086cc44d8}> (0x0000000086cc44d8) 
thrown [t:\workspace\open\src\hotspot\share\prims\jni.cpp, line 579]
Event: 3168.605 Thread 0x0000015954855340 Exception <a 'java/io/IOException'{0x0000000086cc4d60}> (0x0000000086cc4d60) 
thrown [t:\workspace\open\src\hotspot\share\prims\jni.cpp, line 579]
Event: 3168.607 Thread 0x0000015954855340 Exception <a 'java/io/IOException'{0x0000000086cfedd8}> (0x0000000086cfedd8) 
thrown [t:\workspace\open\src\hotspot\share\prims\jni.cpp, line 579]
Event: 3168.607 Thread 0x0000015954855340 Exception <a 'java/io/IOException'{0x0000000086cff3b8}> (0x0000000086cff3b8) 
thrown [t:\workspace\open\src\hotspot\share\prims\jni.cpp, line 579]
Event: 3249.906 Thread 0x0000015954854350 Exception <a 'java/lang/ClassNotFoundException'{0x000000008615a208}: java/lang/ObjectCustomizer> (0x000000008615a208) 
thrown [t:\workspace\open\src\hotspot\share\classfile\systemDictionary.cpp, line 256]
Event: 3249.906 Thread 0x0000015954854350 Exception <a 'java/lang/ClassNotFoundException'{0x00000000861665b8}: com/example/music/model/binding/UserRegisterBindingModelCustomizer> (0x00000000861665b8) 
thrown [t:\workspace\open\src\hotspot\share\classfile\systemDictionary.cpp, line 256]
Event: 3258.570 Thread 0x0000015954852e10 Exception <a 'java/lang/reflect/InvocationTargetException'{0x0000000085e2efb0}> (0x0000000085e2efb0) 
thrown [t:\workspace\open\src\hotspot\share\runtime\reflection.cpp, line 1157]
Event: 5196.523 Thread 0x0000015954858310 Exception <a 'java/io/IOException'{0x00000000889c9350}> (0x00000000889c9350) 
thrown [t:\workspace\open\src\hotspot\share\prims\jni.cpp, line 579]
Event: 5196.523 Thread 0x0000015954858310 Exception <a 'java/io/IOException'{0x00000000889c9688}> (0x00000000889c9688) 
thrown [t:\workspace\open\src\hotspot\share\prims\jni.cpp, line 579]
Event: 35520.091 Thread 0x0000015954858310 Exception <a 'java/io/IOException'{0x0000000088bcd490}> (0x0000000088bcd490) 
thrown [t:\workspace\open\src\hotspot\share\prims\jni.cpp, line 579]
Event: 35520.091 Thread 0x0000015954858310 Exception <a 'java/io/IOException'{0x0000000088bcd7c8}> (0x0000000088bcd7c8) 
thrown [t:\workspace\open\src\hotspot\share\prims\jni.cpp, line 579]

Events (20 events):
Event: 35525.103 Thread 0x0000015954856330 Thread exited: 0x0000015954856330
Event: 35525.118 Thread 0x0000015954856dd0 Thread exited: 0x0000015954856dd0
Event: 36883.331 Executing  VM operation: G1CollectForAllocation
Event: 36883.340 Executing  VM operation: G1CollectForAllocation done
Event: 36884.345 Executing  VM operation: Cleanup
Event: 36884.345 Executing  VM operation: Cleanup done
Event: 37276.448 Thread 0x0000015954856330 Thread added: 0x0000015954856330
Event: 37276.449 Thread 0x0000015954856dd0 Thread added: 0x0000015954856dd0
Event: 37277.011 Executing  VM operation: Cleanup
Event: 37277.011 Executing  VM operation: Cleanup done
Event: 37299.189 Thread 0x0000015954856330 Thread exited: 0x0000015954856330
Event: 37299.205 Thread 0x0000015954856dd0 Thread exited: 0x0000015954856dd0
Event: 37301.794 Thread 0x0000015954856330 Thread added: 0x0000015954856330
Event: 37301.795 Thread 0x0000015954856dd0 Thread added: 0x0000015954856dd0
Event: 37311.726 Thread 0x0000015954856330 Thread exited: 0x0000015954856330
Event: 37311.726 Thread 0x0000015954856dd0 Thread exited: 0x0000015954856dd0
Event: 37318.191 Thread 0x0000015954856330 Thread added: 0x0000015954856330
Event: 37318.191 Thread 0x0000015954856dd0 Thread added: 0x0000015954856dd0
Event: 37323.196 Thread 0x0000015954856330 Thread exited: 0x0000015954856330
Event: 37323.211 Thread 0x0000015954856dd0 Thread exited: 0x0000015954856dd0


Dynamic libraries:
0x00007ff715960000 - 0x00007ff715970000 	C:\Program Files\Java\jdk-16.0.1\bin\java.exe
0x00007fff0ae50000 - 0x00007fff0b045000 	C:\WINDOWS\SYSTEM32\ntdll.dll
0x00007fff0a2b0000 - 0x00007fff0a36d000 	C:\WINDOWS\System32\KERNEL32.DLL
0x00007fff08580000 - 0x00007fff08849000 	C:\WINDOWS\System32\KERNELBASE.dll
0x00007fff089b0000 - 0x00007fff08ab0000 	C:\WINDOWS\System32\ucrtbase.dll
0x00007fff02900000 - 0x00007fff02918000 	C:\Program Files\Java\jdk-16.0.1\bin\jli.dll
0x00007fff036e0000 - 0x00007fff036f9000 	C:\Program Files\Java\jdk-16.0.1\bin\VCRUNTIME140.dll
0x00007fff0a380000 - 0x00007fff0a42c000 	C:\WINDOWS\System32\ADVAPI32.dll
0x00007fff0a610000 - 0x00007fff0a6ae000 	C:\WINDOWS\System32\msvcrt.dll
0x00007fff0a560000 - 0x00007fff0a5fb000 	C:\WINDOWS\System32\sechost.dll
0x00007fff0a430000 - 0x00007fff0a55a000 	C:\WINDOWS\System32\RPCRT4.dll
0x00007fff09550000 - 0x00007fff096f0000 	C:\WINDOWS\System32\USER32.dll
0x00007fff08e80000 - 0x00007fff08ea2000 	C:\WINDOWS\System32\win32u.dll
0x00007fff07990000 - 0x00007fff07c2a000 	C:\WINDOWS\WinSxS\amd64_microsoft.windows.common-controls_6595b64144ccf1df_6.0.19041.1110_none_60b5254171f9507e\COMCTL32.dll
0x00007fff091c0000 - 0x00007fff091ea000 	C:\WINDOWS\System32\GDI32.dll
0x00007fff08850000 - 0x00007fff0895b000 	C:\WINDOWS\System32\gdi32full.dll
0x00007fff08de0000 - 0x00007fff08e7d000 	C:\WINDOWS\System32\msvcp_win.dll
0x00007fff02b00000 - 0x00007fff02b0a000 	C:\WINDOWS\SYSTEM32\VERSION.dll
0x00007fff098a0000 - 0x00007fff098d0000 	C:\WINDOWS\System32\IMM32.DLL
0x00007fff036d0000 - 0x00007fff036dc000 	C:\Program Files\Java\jdk-16.0.1\bin\vcruntime140_1.dll
0x00007ffee9120000 - 0x00007ffee91b1000 	C:\Program Files\Java\jdk-16.0.1\bin\msvcp140.dll
0x00007ffea10d0000 - 0x00007ffea1c7b000 	C:\Program Files\Java\jdk-16.0.1\bin\server\jvm.dll
0x00007fff0a180000 - 0x00007fff0a188000 	C:\WINDOWS\System32\PSAPI.DLL
0x00007ffefdf50000 - 0x00007ffefdf77000 	C:\WINDOWS\SYSTEM32\WINMM.dll
0x00007ffef5a90000 - 0x00007ffef5a99000 	C:\WINDOWS\SYSTEM32\WSOCK32.dll
0x00007fff0ada0000 - 0x00007fff0ae0b000 	C:\WINDOWS\System32\WS2_32.dll
0x00007fff067c0000 - 0x00007fff067d2000 	C:\WINDOWS\SYSTEM32\kernel.appcore.dll
0x00007fff028f0000 - 0x00007fff028fa000 	C:\Program Files\Java\jdk-16.0.1\bin\jimage.dll
0x00007fff07e00000 - 0x00007fff07fe4000 	C:\WINDOWS\SYSTEM32\DBGHELP.DLL
0x00007fff07d50000 - 0x00007fff07d7c000 	C:\WINDOWS\SYSTEM32\dbgcore.DLL
0x00007fff08ca0000 - 0x00007fff08d23000 	C:\WINDOWS\System32\bcryptPrimitives.dll
0x00007fff02870000 - 0x00007fff0287e000 	C:\Program Files\Java\jdk-16.0.1\bin\instrument.dll
0x00007fff028c0000 - 0x00007fff028e5000 	C:\Program Files\Java\jdk-16.0.1\bin\java.dll
0x00007fff099e0000 - 0x00007fff0a11f000 	C:\WINDOWS\System32\SHELL32.dll
0x00007fff05f20000 - 0x00007fff066b0000 	C:\WINDOWS\SYSTEM32\windows.storage.dll
0x00007fff091f0000 - 0x00007fff09545000 	C:\WINDOWS\System32\combase.dll
0x00007fff078f0000 - 0x00007fff0791c000 	C:\WINDOWS\SYSTEM32\Wldp.dll
0x00007fff090b0000 - 0x00007fff0915e000 	C:\WINDOWS\System32\SHCORE.dll
0x00007fff09160000 - 0x00007fff091b5000 	C:\WINDOWS\System32\shlwapi.dll
0x00007fff084c0000 - 0x00007fff084df000 	C:\WINDOWS\SYSTEM32\profapi.dll
0x00007ffefdf10000 - 0x00007ffefdf28000 	C:\Program Files\Java\jdk-16.0.1\bin\zip.dll
0x00007fff028a0000 - 0x00007fff028b9000 	C:\Program Files\Java\jdk-16.0.1\bin\net.dll
0x00007ffefec50000 - 0x00007ffefed58000 	C:\WINDOWS\SYSTEM32\WINHTTP.dll
0x00007fff07650000 - 0x00007fff076ba000 	C:\WINDOWS\system32\mswsock.dll
0x00007fff02880000 - 0x00007fff02893000 	C:\Program Files\Java\jdk-16.0.1\bin\nio.dll
0x00007ffefd1b0000 - 0x00007ffefd1ca000 	C:\Program Files\JetBrains\IntelliJ IDEA 2021.1.2\bin\breakgen64.dll
0x00007fff07380000 - 0x00007fff0744c000 	C:\WINDOWS\SYSTEM32\DNSAPI.dll
0x00007fff07340000 - 0x00007fff0737b000 	C:\WINDOWS\SYSTEM32\IPHLPAPI.DLL
0x00007fff0a600000 - 0x00007fff0a608000 	C:\WINDOWS\System32\NSI.dll
0x00007ffefeaa0000 - 0x00007ffefeaaa000 	C:\Windows\System32\rasadhlp.dll
0x00007ffefebd0000 - 0x00007ffefec4f000 	C:\WINDOWS\System32\fwpuclnt.dll
0x00007fff08ab0000 - 0x00007fff08ad7000 	C:\WINDOWS\System32\bcrypt.dll
0x00007fff01170000 - 0x00007fff01179000 	C:\Program Files\Java\jdk-16.0.1\bin\management.dll
0x00007fff01150000 - 0x00007fff0115b000 	C:\Program Files\Java\jdk-16.0.1\bin\management_ext.dll
0x00007fff08300000 - 0x00007fff08318000 	C:\WINDOWS\SYSTEM32\CRYPTSP.dll
0x00007fff06ff0000 - 0x00007fff07024000 	C:\WINDOWS\system32\rsaenh.dll
0x00007fff08480000 - 0x00007fff084ae000 	C:\WINDOWS\SYSTEM32\USERENV.dll
0x00007fff078e0000 - 0x00007fff078ec000 	C:\WINDOWS\SYSTEM32\CRYPTBASE.dll
0x00007fff00130000 - 0x00007fff00147000 	C:\WINDOWS\SYSTEM32\dhcpcsvc6.DLL
0x00007fff00ea0000 - 0x00007fff00ebd000 	C:\WINDOWS\SYSTEM32\dhcpcsvc.DLL
0x00007ffeee980000 - 0x00007ffeee997000 	C:\WINDOWS\system32\napinsp.dll
0x00007ffeee8f0000 - 0x00007ffeee90b000 	C:\WINDOWS\system32\pnrpnsp.dll
0x00007ffeee8d0000 - 0x00007ffeee8e5000 	C:\WINDOWS\system32\wshbth.dll
0x00007fff03550000 - 0x00007fff0356d000 	C:\WINDOWS\system32\NLAapi.dll
0x00007ffeee8b0000 - 0x00007ffeee8c2000 	C:\WINDOWS\System32\winrnr.dll
0x00007ffefd1a0000 - 0x00007ffefd1ae000 	C:\Program Files\Java\jdk-16.0.1\bin\sunmscapi.dll
0x00007fff08ae0000 - 0x00007fff08c3f000 	C:\WINDOWS\System32\CRYPT32.dll
0x00007fff07960000 - 0x00007fff07987000 	C:\WINDOWS\SYSTEM32\ncrypt.dll
0x00007fff07920000 - 0x00007fff0795b000 	C:\WINDOWS\SYSTEM32\NTASN1.dll
0x00007ffefd190000 - 0x00007ffefd197000 	C:\WINDOWS\system32\wshunix.dll

dbghelp: loaded successfully - version: 4.0.5 - missing functions: none
symbol engine: initialized successfully - sym options: 0x614 - pdb path: .;C:\Program Files\Java\jdk-16.0.1\bin;C:\WINDOWS\SYSTEM32;C:\WINDOWS\WinSxS\amd64_microsoft.windows.common-controls_6595b64144ccf1df_6.0.19041.1110_none_60b5254171f9507e;C:\Program Files\Java\jdk-16.0.1\bin\server;C:\Program Files\JetBrains\IntelliJ IDEA 2021.1.2\bin

VM Arguments:
jvm_args: -XX:TieredStopAtLevel=1 -Xverify:none -Dspring.output.ansi.enabled=always -javaagent:C:\Program Files\JetBrains\IntelliJ IDEA 2021.1.2\lib\idea_rt.jar=56236:C:\Program Files\JetBrains\IntelliJ IDEA 2021.1.2\bin -Dcom.sun.management.jmxremote -Dspring.jmx.enabled=true -Dspring.liveBeansView.mbeanDomain -Dspring.application.admin.enabled=true -Dfile.encoding=UTF-8 
java_command: com.example.music.MusicApplication
java_class_path (initial): F:\Java-Web\music\target\classes;C:\Users\User\.m2\repository\org\springframework\boot\spring-boot-starter-data-jpa\2.5.6\spring-boot-starter-data-jpa-2.5.6.jar;C:\Users\User\.m2\repository\org\springframework\boot\spring-boot-starter-aop\2.5.6\spring-boot-starter-aop-2.5.6.jar;C:\Users\User\.m2\repository\org\springframework\spring-aop\5.3.12\spring-aop-5.3.12.jar;C:\Users\User\.m2\repository\org\aspectj\aspectjweaver\1.9.7\aspectjweaver-1.9.7.jar;C:\Users\User\.m2\repository\org\springframework\boot\spring-boot-starter-jdbc\2.5.6\spring-boot-starter-jdbc-2.5.6.jar;C:\Users\User\.m2\repository\com\zaxxer\HikariCP\4.0.3\HikariCP-4.0.3.jar;C:\Users\User\.m2\repository\org\springframework\spring-jdbc\5.3.12\spring-jdbc-5.3.12.jar;C:\Users\User\.m2\repository\jakarta\transaction\jakarta.transaction-api\1.3.3\jakarta.transaction-api-1.3.3.jar;C:\Users\User\.m2\repository\jakarta\persistence\jakarta.persistence-api\2.2.3\jakarta.persistence-api-2.2.3.jar;C:\Users\User\.m2\repository\org\hibernate\hibernate-core\5.4.32.Final\hibernate-core-5.4.32.Final.jar;C:\Users\User\.m2\repository\org\jboss\logging\jboss-logging\3.4.2.Final\jboss-logging-3.4.2.Final.jar;C:\Users\User\.m2\repository\org\javassist\javassist\3.27.0-GA\javassist-3.27.0-GA.jar;C:\Users\User\.m2\repository\net\bytebuddy\byte-buddy\1.10.22\byte-buddy-1.10.22.jar;C:\Users\User\.m2\repository\antlr\antlr\2.7.7\antlr-2.7.7.jar;C:\Users\User\.m2\repository\org\jboss\jandex\2.2.3.Final\jandex-2.2.3.Final.jar;C:\Users\User\.m2\repository\com\fasterxml\classmate\1.5.1\classmate-1.5.1.jar;C:\Users\User\.m2\repository\org\dom4j\dom4j\2.1.3\dom4j-2.1.3.jar;C:\Users\User\.m2\repository\org\hibernate\common\hibernate-commons-annotations\5.1.2.Final\hibernate-commons-annotations-5.1.2.Final.jar;C:\Users\User\.m2\repository\org\glassfish\jaxb\jaxb-runtime\2.3.5\jaxb-runtime-2.3.5.jar;C:\Users\User\.m2\repository\org\glassfish\jaxb\txw2\2.3.5\txw2-2.3.5.jar;C:\Users\User\.m2\repository\com\sun\
Launcher Type: SUN_STANDARD

[Global flags]
     intx CICompilerCount                          = 4                                         {product} {ergonomic}
     uint ConcGCThreads                            = 2                                         {product} {ergonomic}
     uint G1ConcRefinementThreads                  = 8                                         {product} {ergonomic}
   size_t G1HeapRegionSize                         = 1048576                                   {product} {ergonomic}
    uintx GCDrainStackTargetSize                   = 64                                        {product} {ergonomic}
   size_t InitialHeapSize                          = 134217728                                 {product} {ergonomic}
     bool ManagementServer                         = true                                      {product} {command line}
   size_t MarkStackSize                            = 4194304                                   {product} {ergonomic}
   size_t MaxHeapSize                              = 2122317824                                {product} {ergonomic}
   size_t MaxNewSize                               = 1272971264                                {product} {ergonomic}
   size_t MinHeapDeltaBytes                        = 1048576                                   {product} {ergonomic}
   size_t MinHeapSize                              = 8388608                                   {product} {ergonomic}
    uintx NonNMethodCodeHeapSize                   = 7549744                                {pd product} {ergonomic}
    uintx NonProfiledCodeHeapSize                  = 244108496                              {pd product} {ergonomic}
    uintx ProfiledCodeHeapSize                     = 0                                      {pd product} {ergonomic}
    uintx ReservedCodeCacheSize                    = 251658240                              {pd product} {ergonomic}
     bool SegmentedCodeCache                       = true                                      {product} {ergonomic}
   size_t SoftMaxHeapSize                          = 2122317824                             {manageable} {ergonomic}
     intx TieredStopAtLevel                        = 1                                         {product} {command line}
     bool UseCompressedClassPointers               = true                           {product lp64_product} {ergonomic}
     bool UseCompressedOops                        = true                           {product lp64_product} {ergonomic}
     bool UseG1GC                                  = true                                      {product} {ergonomic}
     bool UseLargePagesIndividualAllocation        = false                                  {pd product} {ergonomic}

Logging:
Log output configuration:
 #0: stdout all=warning uptime,level,tags
 #1: stderr all=off uptime,level,tags

Environment Variables:
PATH=C:\Program Files\Common Files\Oracle\Java\javapath;C:\WINDOWS\system32;C:\WINDOWS;C:\WINDOWS\System32\Wbem;C:\WINDOWS\System32\WindowsPowerShell\v1.0\;C:\WINDOWS\System32\OpenSSH\;C:\Program Files\nodejs\;C:\Program Files\TortoiseGit\bin;C:\Users\User\AppData\Local\Microsoft\WindowsApps;C:\Users\User\AppData\Roaming\npm;C:\Users\User\AppData\Local\Programs\Microsoft VS Code\bin;C:\Users\User\AppData\Local\GitHubDesktop\bin;F:\Java-Web\gradle-6.9.1\bin;
USERNAME=User
OS=Windows_NT
PROCESSOR_IDENTIFIER=Intel64 Family 6 Model 142 Stepping 10, GenuineIntel



---------------  S Y S T E M  ---------------

OS:
 Windows 10 , 64 bit Build 19041 (10.0.19041.1151)
OS uptime: 1 days 13:47 hours

CPU: total 8 (initial active 8) (4 cores per cpu, 2 threads per core) family 6 model 142 stepping 10 microcode 0xea, cx8, cmov, fxsr, ht, mmx, 3dnowpref, sse, sse2, sse3, ssse3, sse4.1, sse4.2, popcnt, lzcnt, tsc, tscinvbit, avx, avx2, aes, erms, clmul, bmi1, bmi2, adx, fma, vzeroupper, clflush, clflushopt

Memory: 4k page, system-wide physical 8089M (4078M free)
TotalPageFile size 9753M (AvailPageFile size 3706M)
current process WorkingSet (physical memory assigned to process): 129M, peak: 263M
current process commit charge ("private bytes"): 317M, peak: 344M

vm_info: Java HotSpot(TM) 64-Bit Server VM (16.0.1+9-24) for windows-amd64 JRE (16.0.1+9-24), built on Mar 26 2021 19:31:42 by "mach5one" with MS VC++ 16.7 (VS2019)

END.
